
6월 28, 2021 18:14:31.523 NEW SESSION
6월 28, 2021 18:14:31.524 [23664:24140:0628/181431.519:ERROR:device_event_log_impl.cc(214)] [18:14:31.519] USB: usb_device_handle_win.cc:1058 Failed to read descriptor from node connection: 시스템에 부착된 장치가 작동하지 않습니다. (0x1F)
6월 28, 2021 18:14:31.545 [23664:24140:0628/181431.520:ERROR:device_event_log_impl.cc(214)] [18:14:31.520] USB: usb_device_handle_win.cc:1058 Failed to read descriptor from node connection: 시스템에 부착된 장치가 작동하지 않습니다. (0x1F)
6월 28, 2021 18:14:31.548 [23664:24140:0628/181431.523:ERROR:device_event_log_impl.cc(214)] [18:14:31.523] USB: usb_device_handle_win.cc:1058 Failed to read descriptor from node connection: 시스템에 부착된 장치가 작동하지 않습니다. (0x1F)
6월 28, 2021 18:14:31.550 [23664:24140:0628/181431.525:ERROR:device_event_log_impl.cc(214)] [18:14:31.525] USB: usb_device_handle_win.cc:1058 Failed to read descriptor from node connection: 시스템에 부착된 장치가 작동하지 않습니다. (0x1F)

6월 30, 2021 17:57:31.255 NEW SESSION
6월 30, 2021 17:57:31.255 [11864:25976:0630/175731.253:ERROR:device_event_log_impl.cc(214)] [17:57:31.253] USB: usb_device_handle_win.cc:1058 Failed to read descriptor from node connection: 시스템에 부착된 장치가 작동하지 않습니다. (0x1F)
6월 30, 2021 17:57:31.264 [11864:25976:0630/175731.258:ERROR:device_event_log_impl.cc(214)] [17:57:31.258] USB: usb_device_handle_win.cc:1058 Failed to read descriptor from node connection: 시스템에 부착된 장치가 작동하지 않습니다. (0x1F)
6월 30, 2021 17:57:31.265 [11864:25976:0630/175731.260:ERROR:device_event_log_impl.cc(214)] [17:57:31.260] USB: usb_device_handle_win.cc:1058 Failed to read descriptor from node connection: 시스템에 부착된 장치가 작동하지 않습니다. (0x1F)
6월 30, 2021 17:57:31.266 [11864:25976:0630/175731.261:ERROR:device_event_log_impl.cc(214)] [17:57:31.260] USB: usb_device_handle_win.cc:1058 Failed to read descriptor from node connection: 시스템에 부착된 장치가 작동하지 않습니다. (0x1F)
6월 30, 2021 20:10:46.328 [11568:24188:0630/201046.328:ERROR:device_event_log_impl.cc(214)] [20:10:46.328] USB: usb_device_handle_win.cc:1058 Failed to read descriptor from node connection: 시스템에 부착된 장치가 작동하지 않습니다. (0x1F)
6월 30, 2021 20:10:46.336 [11568:24188:0630/201046.335:ERROR:device_event_log_impl.cc(214)] [20:10:46.336] USB: usb_device_handle_win.cc:1058 Failed to read descriptor from node connection: 시스템에 부착된 장치가 작동하지 않습니다. (0x1F)
6월 30, 2021 20:10:46.337 [11568:24188:0630/201046.335:ERROR:device_event_log_impl.cc(214)] [20:10:46.336] USB: usb_device_handle_win.cc:1058 Failed to read descriptor from node connection: 시스템에 부착된 장치가 작동하지 않습니다. (0x1F)
6월 30, 2021 20:10:46.338 [11568:24188:0630/201046.335:ERROR:device_event_log_impl.cc(214)] [20:10:46.336] USB: usb_device_handle_win.cc:1058 Failed to read descriptor from node connection: 시스템에 부착된 장치가 작동하지 않습니다. (0x1F)
6월 30, 2021 23:29:53.162 [11568:29656:0630/232953.161:ERROR:mcs_client.cc(755)] Received close command, resetting connection.

7월 05, 2021 11:45:23.141 NEW SESSION
7월 05, 2021 11:45:23.141 [27568:30604:0705/114523.137:ERROR:device_event_log_impl.cc(214)] [11:45:23.137] USB: usb_device_handle_win.cc:1058 Failed to read descriptor from node connection: 시스템에 부착된 장치가 작동하지 않습니다. (0x1F)
7월 05, 2021 11:45:23.144 [27568:30604:0705/114523.143:ERROR:device_event_log_impl.cc(214)] [11:45:23.143] USB: usb_device_handle_win.cc:1058 Failed to read descriptor from node connection: 시스템에 부착된 장치가 작동하지 않습니다. (0x1F)
7월 05, 2021 11:45:23.147 [27568:30604:0705/114523.147:ERROR:device_event_log_impl.cc(214)] [11:45:23.147] USB: usb_device_handle_win.cc:1058 Failed to read descriptor from node connection: 시스템에 부착된 장치가 작동하지 않습니다. (0x1F)
7월 05, 2021 11:45:23.149 [27568:30604:0705/114523.147:ERROR:device_event_log_impl.cc(214)] [11:45:23.147] USB: usb_device_handle_win.cc:1058 Failed to read descriptor from node connection: 시스템에 부착된 장치가 작동하지 않습니다. (0x1F)
7월 05, 2021 11:58:02.742 [27568:30604:0705/115802.742:ERROR:CONSOLE(1)] "No document", source: devtools://devtools/bundled/core/sdk/sdk.js (1)
7월 05, 2021 12:02:00.112 [27568:30604:0705/120200.111:ERROR:CONSOLE(1)] "No document", source: devtools://devtools/bundled/core/sdk/sdk.js (1)
7월 05, 2021 12:15:29.262 [27568:30604:0705/121529.261:ERROR:device_event_log_impl.cc(214)] [12:15:29.261] USB: usb_service_win.cc:258 Failed to get device driver name: 요소가 없습니다. (0x490)
7월 05, 2021 12:17:01.585 [27568:30604:0705/121701.585:ERROR:CONSOLE(1)] "No document", source: devtools://devtools/bundled/core/sdk/sdk.js (1)
7월 05, 2021 13:56:39.380 [27568:30604:0705/135639.380:ERROR:CONSOLE(1)] "Session is unregistering, can't dispatch pending call to Debugger.setBlackboxPatterns", source: devtools://devtools/bundled/core/sdk/sdk.js (1)

7월 05, 2021 16:55:02.328 NEW SESSION
7월 05, 2021 16:55:02.328 [28912:31288:0705/165502.326:ERROR:device_event_log_impl.cc(214)] [16:55:02.326] USB: usb_device_handle_win.cc:1058 Failed to read descriptor from node connection: 시스템에 부착된 장치가 작동하지 않습니다. (0x1F)
7월 05, 2021 16:55:02.366 [28912:31288:0705/165502.333:ERROR:device_event_log_impl.cc(214)] [16:55:02.333] USB: usb_device_handle_win.cc:1058 Failed to read descriptor from node connection: 시스템에 부착된 장치가 작동하지 않습니다. (0x1F)
7월 05, 2021 16:55:02.369 [28912:31288:0705/165502.334:ERROR:device_event_log_impl.cc(214)] [16:55:02.333] USB: usb_device_handle_win.cc:1058 Failed to read descriptor from node connection: 시스템에 부착된 장치가 작동하지 않습니다. (0x1F)
7월 05, 2021 16:55:02.370 [28912:31288:0705/165502.335:ERROR:device_event_log_impl.cc(214)] [16:55:02.335] USB: usb_device_handle_win.cc:1058 Failed to read descriptor from node connection: 시스템에 부착된 장치가 작동하지 않습니다. (0x1F)
7월 05, 2021 17:46:27.607 [28912:31288:0705/174627.606:ERROR:CONSOLE(1)] "No document", source: devtools://devtools/bundled/core/sdk/sdk.js (1)
7월 05, 2021 17:47:45.506 [28912:31288:0705/174745.506:ERROR:CONSOLE(1)] "No document", source: devtools://devtools/bundled/core/sdk/sdk.js (1)
7월 05, 2021 17:48:29.74 [28912:31288:0705/174829.074:ERROR:CONSOLE(1)] "No document", source: devtools://devtools/bundled/core/sdk/sdk.js (1)
7월 05, 2021 17:48:46.752 [28912:31288:0705/174846.751:ERROR:CONSOLE(1)] "No document", source: devtools://devtools/bundled/core/sdk/sdk.js (1)
7월 05, 2021 18:17:34.620 [28912:31288:0705/181734.620:ERROR:CONSOLE(1)] "No document", source: devtools://devtools/bundled/core/sdk/sdk.js (1)
7월 05, 2021 18:22:27.986 [28912:31288:0705/182227.986:ERROR:CONSOLE(1)] "No document", source: devtools://devtools/bundled/core/sdk/sdk.js (1)
7월 05, 2021 18:26:22.387 [28912:31288:0705/182622.387:ERROR:CONSOLE(1)] "No document", source: devtools://devtools/bundled/core/sdk/sdk.js (1)
7월 05, 2021 18:27:34.839 [28912:31288:0705/182734.839:ERROR:CONSOLE(1)] "No document", source: devtools://devtools/bundled/core/sdk/sdk.js (1)
7월 05, 2021 18:28:05.723 [28912:31288:0705/182805.723:ERROR:CONSOLE(1)] "No document", source: devtools://devtools/bundled/core/sdk/sdk.js (1)
7월 05, 2021 18:28:35.930 [28912:31288:0705/182835.930:ERROR:CONSOLE(1)] "No document", source: devtools://devtools/bundled/core/sdk/sdk.js (1)
7월 05, 2021 18:28:50.65 [28912:31288:0705/182850.065:ERROR:CONSOLE(1)] "No document", source: devtools://devtools/bundled/core/sdk/sdk.js (1)
7월 05, 2021 18:28:52.761 [28912:31288:0705/182852.760:ERROR:CONSOLE(1)] "No document", source: devtools://devtools/bundled/core/sdk/sdk.js (1)
7월 05, 2021 18:28:53.374 [28912:31288:0705/182853.373:ERROR:CONSOLE(1)] "No document", source: devtools://devtools/bundled/core/sdk/sdk.js (1)
7월 05, 2021 18:31:57.73 [28912:31288:0705/183157.072:ERROR:CONSOLE(1)] "No document", source: devtools://devtools/bundled/core/sdk/sdk.js (1)
7월 05, 2021 18:32:34.991 [28912:31288:0705/183234.991:ERROR:CONSOLE(1)] "No document", source: devtools://devtools/bundled/core/sdk/sdk.js (1)
7월 05, 2021 18:32:45.308 [28912:31288:0705/183245.308:ERROR:CONSOLE(1)] "No document", source: devtools://devtools/bundled/core/sdk/sdk.js (1)
7월 05, 2021 18:33:08.123 [28912:31288:0705/183308.123:ERROR:CONSOLE(1)] "No document", source: devtools://devtools/bundled/core/sdk/sdk.js (1)
7월 05, 2021 18:34:06.615 [28912:31288:0705/183406.615:ERROR:CONSOLE(1)] "No document", source: devtools://devtools/bundled/core/sdk/sdk.js (1)
7월 05, 2021 18:38:59.567 [28912:31288:0705/183859.567:ERROR:CONSOLE(1)] "No document", source: devtools://devtools/bundled/core/sdk/sdk.js (1)
7월 05, 2021 18:54:31.16 [25860:29880:0705/185431.015:ERROR:device_event_log_impl.cc(214)] [18:54:31.016] USB: usb_device_handle_win.cc:1058 Failed to read descriptor from node connection: 시스템에 부착된 장치가 작동하지 않습니다. (0x1F)
7월 05, 2021 18:54:31.20 [25860:29880:0705/185431.019:ERROR:device_event_log_impl.cc(214)] [18:54:31.020] USB: usb_device_handle_win.cc:1058 Failed to read descriptor from node connection: 시스템에 부착된 장치가 작동하지 않습니다. (0x1F)
7월 05, 2021 18:54:31.21 [25860:29880:0705/185431.020:ERROR:device_event_log_impl.cc(214)] [18:54:31.020] USB: usb_device_handle_win.cc:1058 Failed to read descriptor from node connection: 시스템에 부착된 장치가 작동하지 않습니다. (0x1F)
7월 05, 2021 18:54:31.23 [25860:29880:0705/185431.022:ERROR:device_event_log_impl.cc(214)] [18:54:31.022] USB: usb_device_handle_win.cc:1058 Failed to read descriptor from node connection: 시스템에 부착된 장치가 작동하지 않습니다. (0x1F)

7월 06, 2021 15:43:24.617 NEW SESSION
7월 06, 2021 15:43:24.617 [32788:28368:0706/154324.613:ERROR:device_event_log_impl.cc(214)] [15:43:24.613] USB: usb_device_handle_win.cc:1058 Failed to read descriptor from node connection: 시스템에 부착된 장치가 작동하지 않습니다. (0x1F)
7월 06, 2021 15:43:24.631 [32788:28368:0706/154324.620:ERROR:device_event_log_impl.cc(214)] [15:43:24.620] USB: usb_device_handle_win.cc:1058 Failed to read descriptor from node connection: 시스템에 부착된 장치가 작동하지 않습니다. (0x1F)
7월 06, 2021 15:43:24.633 [32788:28368:0706/154324.622:ERROR:device_event_log_impl.cc(214)] [15:43:24.622] USB: usb_device_handle_win.cc:1058 Failed to read descriptor from node connection: 시스템에 부착된 장치가 작동하지 않습니다. (0x1F)
7월 06, 2021 15:43:24.635 [32788:28368:0706/154324.622:ERROR:device_event_log_impl.cc(214)] [15:43:24.622] USB: usb_device_handle_win.cc:1058 Failed to read descriptor from node connection: 시스템에 부착된 장치가 작동하지 않습니다. (0x1F)
7월 06, 2021 20:01:25.49 [32788:28368:0706/200125.048:ERROR:device_event_log_impl.cc(214)] [20:01:25.047] USB: usb_service_win.cc:258 Failed to get device driver name: 요소가 없습니다. (0x490)

7월 08, 2021 15:53:27.101 NEW SESSION
7월 08, 2021 15:53:27.101 [6612:25024:0708/155327.099:ERROR:device_event_log_impl.cc(214)] [15:53:27.100] USB: usb_device_handle_win.cc:1058 Failed to read descriptor from node connection: 시스템에 부착된 장치가 작동하지 않습니다. (0x1F)
7월 08, 2021 15:53:27.102 [6612:25024:0708/155327.100:ERROR:device_event_log_impl.cc(214)] [15:53:27.100] USB: usb_device_handle_win.cc:1058 Failed to read descriptor from node connection: 시스템에 부착된 장치가 작동하지 않습니다. (0x1F)
7월 08, 2021 15:53:27.103 [6612:25024:0708/155327.100:ERROR:device_event_log_impl.cc(214)] [15:53:27.100] USB: usb_device_handle_win.cc:1058 Failed to read descriptor from node connection: 시스템에 부착된 장치가 작동하지 않습니다. (0x1F)
7월 08, 2021 15:53:27.103 [6612:25024:0708/155327.100:ERROR:device_event_log_impl.cc(214)] [15:53:27.101] USB: usb_device_handle_win.cc:1058 Failed to read descriptor from node connection: 시스템에 부착된 장치가 작동하지 않습니다. (0x1F)

7월 17, 2021 09:21:40.691 NEW SESSION
7월 17, 2021 09:21:40.692 [12520:13116:0717/092140.689:ERROR:device_event_log_impl.cc(214)] [09:21:40.690] USB: usb_device_handle_win.cc:1058 Failed to read descriptor from node connection: 시스템에 부착된 장치가 작동하지 않습니다. (0x1F)
7월 17, 2021 09:21:40.698 [12520:13116:0717/092140.694:ERROR:device_event_log_impl.cc(214)] [09:21:40.694] USB: usb_device_handle_win.cc:1058 Failed to read descriptor from node connection: 시스템에 부착된 장치가 작동하지 않습니다. (0x1F)
7월 17, 2021 09:21:40.699 [12520:13116:0717/092140.699:ERROR:device_event_log_impl.cc(214)] [09:21:40.699] USB: usb_device_handle_win.cc:1058 Failed to read descriptor from node connection: 시스템에 부착된 장치가 작동하지 않습니다. (0x1F)
7월 17, 2021 09:21:40.701 [12520:13116:0717/092140.700:ERROR:device_event_log_impl.cc(214)] [09:21:40.700] USB: usb_device_handle_win.cc:1058 Failed to read descriptor from node connection: 시스템에 부착된 장치가 작동하지 않습니다. (0x1F)
7월 17, 2021 09:24:13.157 [12520:13116:0717/092413.156:ERROR:device_event_log_impl.cc(214)] [09:24:13.097] USB: usb_service_win.cc:258 Failed to get device driver name: 요소가 없습니다. (0x490)
7월 17, 2021 09:48:50.28 [12520:13116:0717/094850.028:ERROR:device_event_log_impl.cc(214)] [09:48:50.027] USB: usb_service_win.cc:258 Failed to get device driver name: 요소가 없습니다. (0x490)
7월 17, 2021 09:49:02.424 [12520:13116:0717/094902.423:ERROR:device_event_log_impl.cc(214)] [09:49:02.422] USB: usb_service_win.cc:258 Failed to get device driver name: 요소가 없습니다. (0x490)
7월 17, 2021 09:49:02.436 [12520:13116:0717/094902.436:ERROR:device_event_log_impl.cc(214)] [09:49:02.436] USB: usb_service_win.cc:281 SetupDiEnumDeviceInterfaces: 사용 가능한 데이터가 없습니다. (0x103)
7월 17, 2021 09:49:07.381 [12520:13116:0717/094907.381:ERROR:device_event_log_impl.cc(214)] [09:49:07.380] USB: usb_service_win.cc:258 Failed to get device driver name: 요소가 없습니다. (0x490)
7월 17, 2021 09:49:07.401 [12520:13116:0717/094907.401:ERROR:device_event_log_impl.cc(214)] [09:49:07.398] USB: usb_service_win.cc:281 SetupDiEnumDeviceInterfaces: 사용 가능한 데이터가 없습니다. (0x103)
